android/build/intermediates/manifest_merge_blame_file/debug/processDebugManifest/manifest-merger-blame-debug-report.txt
1<?xml version="1.0" encoding="utf-8"?>
2<manifest xmlns:android="http://schemas.android.com/apk/res/android"
3    package="com.hug.identity.sdk" >
4
5    <uses-sdk android:minSdkVersion="21" />
6
7    <uses-permission android:name="android.permission.INTERNET" />
7-->src/main/AndroidManifest.xml:3:5-67
7-->src/main/AndroidManifest.xml:3:22-64
8    <uses-permission android:name="android.permission.CAMERA" />
8-->src/main/AndroidManifest.xml:4:5-65
8-->src/main/AndroidManifest.xml:4:22-62
9    <uses-permission android:name="android.permission.ACCESS_COARSE_LOCATION" />
9-->src/main/AndroidManifest.xml:5:5-81
9-->src/main/AndroidManifest.xml:5:22-78
10    <uses-permission android:name="android.permission.ACCESS_FINE_LOCATION" />
10-->src/main/AndroidManifest.xml:6:5-79
10-->src/main/AndroidManifest.xml:6:22-76
11
12    <uses-feature
12-->src/main/AndroidManifest.xml:7:5-85
13        android:name="android.hardware.camera"
13-->src/main/AndroidManifest.xml:7:19-57
14        android:required="false" />
14-->src/main/AndroidManifest.xml:7:58-82
15    <uses-feature
15-->src/main/AndroidManifest.xml:8:5-91
16        android:name="android.hardware.camera.front"
16-->src/main/AndroidManifest.xml:8:19-63
17        android:required="false" />
17-->src/main/AndroidManifest.xml:8:64-88
18
19    <application>
19-->src/main/AndroidManifest.xml:10:5-25:19
20        <provider
20-->src/main/AndroidManifest.xml:11:9-19:20
21            android:name="androidx.core.content.FileProvider"
21-->src/main/AndroidManifest.xml:12:13-62
22            android:authorities="${applicationId}.hugidentity.fileprovider"
22-->src/main/AndroidManifest.xml:13:13-76
23            android:exported="false"
23-->src/main/AndroidManifest.xml:14:13-37
24            android:grantUriPermissions="true" >
24-->src/main/AndroidManifest.xml:15:13-47
25            <meta-data
25-->src/main/AndroidManifest.xml:16:13-18:54
26                android:name="android.support.FILE_PROVIDER_PATHS"
26-->src/main/AndroidManifest.xml:17:17-67
27                android:resource="@xml/file_paths" />
27-->src/main/AndroidManifest.xml:18:17-51
28        </provider>
29
30        <activity
30-->src/main/AndroidManifest.xml:20:9-24:69
31            android:name="com.hug.identity.sdk.ui.VerificationActivity"
31-->src/main/AndroidManifest.xml:21:13-52
32            android:exported="false"
32-->src/main/AndroidManifest.xml:22:13-37
33            android:screenOrientation="portrait"
33-->src/main/AndroidManifest.xml:23:13-49
34            android:theme="@style/Theme.HugIdentity.Verification" />
34-->src/main/AndroidManifest.xml:24:13-66
35    </application>
36
37</manifest>